module m_antirandom init-49-g27c3af8 http://gitorious.org/inspircd/inspircd-extras/blobs/raw/27c3af825f747330aadf5320d39e91053e734e69/1.1/m_antirandom.cpp
 depends core 1.1
 description A module to prevent against bots using random patterns.
module m_banreason init-49-g27c3af8 http://gitorious.org/inspircd/inspircd-extras/blobs/raw/27c3af825f747330aadf5320d39e91053e734e69/1.1/m_banreason.cpp
 depends core 1.1
 description Adds the abiliy to store the reason a user was banned from a channel
module m_exception init-49-g27c3af8 http://gitorious.org/inspircd/inspircd-extras/blobs/raw/27c3af825f747330aadf5320d39e91053e734e69/1.1/m_exception.cpp
 depends core 1.1
 description Provides support for the +x channel mode
module m_fantasy init-49-g27c3af8 http://gitorious.org/inspircd/inspircd-extras/blobs/raw/27c3af825f747330aadf5320d39e91053e734e69/1.1/m_fantasy.cpp
 depends core 1.1
 description Provides ircd-side fantasy commands.
module m_freeformadmin init-49-g27c3af8 http://gitorious.org/inspircd/inspircd-extras/blobs/raw/27c3af825f747330aadf5320d39e91053e734e69/1.1/m_freeformadmin.cpp
 depends core 1.1
 description Allows a freeform reply to the /ADMIN command
module m_modeaccess init-49-g27c3af8 http://gitorious.org/inspircd/inspircd-extras/blobs/raw/27c3af825f747330aadf5320d39e91053e734e69/1.1/m_modeaccess.cpp
 depends core 1.1
 description Allows fine configuration of what users can set arbitrary channel modes, based on usermodes, channel modes and prefixes.
module m_modesquish init-49-g27c3af8 http://gitorious.org/inspircd/inspircd-extras/blobs/raw/27c3af825f747330aadf5320d39e91053e734e69/1.1/m_modesquish.cpp
 depends core 1.1
 description Pre-parses MODE command to remove redundant modes
module m_operflood init-50-g710d6ca http://gitorious.org/inspircd/inspircd-extras/blobs/raw/710d6cadb7a4bc72a9cb08289a9288a26362fbcd/1.1/m_operflood.cpp
 depends core 1.1
 description Removes flood limits from users upon opering up.
module m_operperms init-50-g710d6ca http://gitorious.org/inspircd/inspircd-extras/blobs/raw/710d6cadb7a4bc72a9cb08289a9288a26362fbcd/1.1/m_operperms.cpp
 depends core 1.1
 description Provides an /operperms command, allowing opers to view what commands they and other opers have access to.
module m_rpg init-68-ga173e06 http://gitorious.org/inspircd/inspircd-extras/blobs/raw/a173e069cf951264d62fcbb6725b0975aafb297f/1.1/m_rpg.cpp
 depends core 1.1
 description Provides NPC, NPCA, and AMBIANCE commands for use by Game Masters doing pen & paper RPGs via IRC
module m_shun init-50-g710d6ca http://gitorious.org/inspircd/inspircd-extras/blobs/raw/710d6cadb7a4bc72a9cb08289a9288a26362fbcd/1.1/m_shun.cpp
 depends core 1.1
 description Gives the /shun command, which stops a user executing all commands except PING and PONG.
module m_syncbans init-50-g710d6ca http://gitorious.org/inspircd/inspircd-extras/blobs/raw/710d6cadb7a4bc72a9cb08289a9288a26362fbcd/1.1/m_syncbans.cpp
 depends core 1.1
 description Automatically synchronize bans between lists of channels
module m_ulinemessages init-50-g710d6ca http://gitorious.org/inspircd/inspircd-extras/blobs/raw/710d6cadb7a4bc72a9cb08289a9288a26362fbcd/1.1/m_ulinemessages.cpp
 depends core 1.1
 description Provides user mode +m, which converts uline notices to privmsg
module m_whoismodes init-50-g710d6ca http://gitorious.org/inspircd/inspircd-extras/blobs/raw/710d6cadb7a4bc72a9cb08289a9288a26362fbcd/1.1/m_whoismodes.cpp
 depends core 1.1
 description Allows opers to see users modes on whois
module m_bandetails init-80-g0ae678b http://gitorious.org/inspircd/inspircd-extras/blobs/raw/0ae678b7ca9fc03a4a2e3335b29daf11835ca186/1.2/m_bandetails.cpp
 depends core 1.2
 description Synchronises setter and time set of channel bans, so details are not lost.
module m_chanmode init-80-g0ae678b http://gitorious.org/inspircd/inspircd-extras/blobs/raw/0ae678b7ca9fc03a4a2e3335b29daf11835ca186/1.2/m_chanmode.cpp
 depends core 1.2-1.3
 description Module adds snomasks v and V allows opers to view any and ALL mode changes that are done by users to channels on the network.
module m_channelnames init-80-g0ae678b http://gitorious.org/inspircd/inspircd-extras/blobs/raw/0ae678b7ca9fc03a4a2e3335b29daf11835ca186/1.2/m_channelnames.cpp
 depends core 1.2
 description Implements a filter for channel names
module m_codepage init-80-g0ae678b http://gitorious.org/inspircd/inspircd-extras/blobs/raw/0ae678b7ca9fc03a4a2e3335b29daf11835ca186/1.2/m_codepage.cpp
 depends core 1.2
 description Recodes messages from one encoding to another based on port bindings.
module m_conn_pass_nickserv init-80-g0ae678b http://gitorious.org/inspircd/inspircd-extras/blobs/raw/0ae678b7ca9fc03a4a2e3335b29daf11835ca186/1.2/m_conn_pass_nickserv.cpp
 depends core 1.2
 description Forwards NickServ credentials from PASS
module m_delaymsg init-80-g0ae678b http://gitorious.org/inspircd/inspircd-extras/blobs/raw/0ae678b7ca9fc03a4a2e3335b29daf11835ca186/1.2/m_delaymsg.cpp
 depends core 1.2-1.3
 description channel mode +d <time> prevents users from speaking for <time> seconds after join
module m_dnsbl_2 init-80-g0ae678b http://gitorious.org/inspircd/inspircd-extras/blobs/raw/0ae678b7ca9fc03a4a2e3335b29daf11835ca186/1.2/m_dnsbl_2.cpp
 depends core 1.2
 description Provides handling of DNS blacklists
module m_elmer init-80-g0ae678b http://gitorious.org/inspircd/inspircd-extras/blobs/raw/0ae678b7ca9fc03a4a2e3335b29daf11835ca186/1.2/m_elmer.cpp
 depends core 1.2
 description Gives /elmer: makes someone talk like Elmer Fudd, that is, letters 'l' and 'r' become 'w', (More info at http://www.geocities.com/Hollywood/Park/2326/character1.html#elmer.)
module m_mkick init-80-g0ae678b http://gitorious.org/inspircd/inspircd-extras/blobs/raw/0ae678b7ca9fc03a4a2e3335b29daf11835ca186/1.2/m_mkick.cpp
 depends core 1.2-1.3
 description Provides the /MKICK command, allows ops on a a channel to mass kick all non-ops.
module m_modeaccess init-80-g0ae678b http://gitorious.org/inspircd/inspircd-extras/blobs/raw/0ae678b7ca9fc03a4a2e3335b29daf11835ca186/1.2/m_modeaccess.cpp
 depends core 1.2
 description Allows fine configuration of what users can set arbitrary channel modes, based on usermodes, channel modes and prefixes.
module m_modeoncreate init-80-g0ae678b http://gitorious.org/inspircd/inspircd-extras/blobs/raw/0ae678b7ca9fc03a4a2e3335b29daf11835ca186/1.2/m_modeoncreate.cpp
 depends core 1.2
 description Allows modes to be customised for channel creation. e.g. <modeoncreate privs="@%"> would set +oh on a creating user. Also allows <modeoncreate affectsoper="true"> if you want opers affected too.
module m_noctcp_user init-80-g0ae678b http://gitorious.org/inspircd/inspircd-extras/blobs/raw/0ae678b7ca9fc03a4a2e3335b29daf11835ca186/1.2/m_noctcp_user.cpp
 depends core 1.2
 description Provides support for unreal-style user mode +T
module m_ojoin init-80-g0ae678b http://gitorious.org/inspircd/inspircd-extras/blobs/raw/0ae678b7ca9fc03a4a2e3335b29daf11835ca186/1.2/m_ojoin.cpp
 depends core 1.2-1.3
 description Provides the /ojoin command, which joins a user to a channel on network business, and gives them +Y, which makes them immune to kick / deop and so on.
module m_oojoin init-80-g0ae678b http://gitorious.org/inspircd/inspircd-extras/blobs/raw/0ae678b7ca9fc03a4a2e3335b29daf11835ca186/1.2/m_oojoin.cpp
 depends core 1.2
 description Provides overriding join into a channel through explicit command
module m_ookick init-80-g0ae678b http://gitorious.org/inspircd/inspircd-extras/blobs/raw/0ae678b7ca9fc03a4a2e3335b29daf11835ca186/1.2/m_ookick.cpp
 depends core 1.2
 description Provides overriding kick through explicit command
module m_oomode init-80-g0ae678b http://gitorious.org/inspircd/inspircd-extras/blobs/raw/0ae678b7ca9fc03a4a2e3335b29daf11835ca186/1.2/m_oomode.cpp
 depends core 1.2
 description Provides nicer-looking SAMODE
module m_operrequiresr init-80-g0ae678b http://gitorious.org/inspircd/inspircd-extras/blobs/raw/0ae678b7ca9fc03a4a2e3335b29daf11835ca186/1.2/m_operrequiresr.cpp
 depends core 1.2
 description Make /oper require that a user be identified as a certain user.
module m_pretendserver init-80-g0ae678b http://gitorious.org/inspircd/inspircd-extras/blobs/raw/0ae678b7ca9fc03a4a2e3335b29daf11835ca186/1.2/m_pretendserver.cpp
 depends core 1.2
 description Inject a command from a server to a user
module m_pretenduser init-80-g0ae678b http://gitorious.org/inspircd/inspircd-extras/blobs/raw/0ae678b7ca9fc03a4a2e3335b29daf11835ca186/1.2/m_pretenduser.cpp
 depends core 1.2
 description Inject a command from another user
module m_remoteoper init-80-g0ae678b http://gitorious.org/inspircd/inspircd-extras/blobs/raw/0ae678b7ca9fc03a4a2e3335b29daf11835ca186/1.2/m_remoteoper.cpp
 depends core 1.2
 description A module which shows remote /oper up as REMOTEOPER to snomasks
module m_rmtkl init-80-g0ae678b http://gitorious.org/inspircd/inspircd-extras/blobs/raw/0ae678b7ca9fc03a4a2e3335b29daf11835ca186/1.2/m_rmtkl.cpp
 depends core 1.2
 description Removes all xlines (bans) matching given parameters.
module m_rpg init-82-gcb0d9a9 http://gitorious.org/inspircd/inspircd-extras/blobs/raw/cb0d9a9ca7aa55a4f498461355a812885a26289b/1.2/m_rpg.cpp
 depends core 1.2-1.3
 description Provides NPC, NPCA, AMBIANCE, NARRATOR, and NARRATORA commands for use by Game Masters doing pen & paper RPGs via IRC
module m_seechan init-80-g0ae678b http://gitorious.org/inspircd/inspircd-extras/blobs/raw/0ae678b7ca9fc03a4a2e3335b29daf11835ca186/1.2/m_seechan.cpp
 depends core 1.2
 description Creates a snomask with notices for channel creation, join, part, and kick
module m_ssl_autooper init-80-g0ae678b http://gitorious.org/inspircd/inspircd-extras/blobs/raw/0ae678b7ca9fc03a4a2e3335b29daf11835ca186/1.2/m_ssl_autooper.cpp
 depends core 1.2-1.3
 description auto-opers any user if his SSL fingerprint matches with the fingerprint in an oper block
module m_statusprefix init-80-g0ae678b http://gitorious.org/inspircd/inspircd-extras/blobs/raw/0ae678b7ca9fc03a4a2e3335b29daf11835ca186/1.2/m_statusprefix.cpp
 depends core 1.2-1.3
module m_svsoper init-80-g0ae678b http://gitorious.org/inspircd/inspircd-extras/blobs/raw/0ae678b7ca9fc03a4a2e3335b29daf11835ca186/1.2/m_svsoper.cpp
 depends core 1.2
 description Allows services to oper up a given user via SVSOPER. e.g. SVSOPER 00AAAAAAA Network_Administrator.
module m_usermode init-80-g0ae678b http://gitorious.org/inspircd/inspircd-extras/blobs/raw/0ae678b7ca9fc03a4a2e3335b29daf11835ca186/1.2/m_usermode.cpp
 depends core 1.2-1.3
 description Module adds snomasks u and U allows opers to view any and ALL mode changes that are done by users on the network.
module m_xline_sql init-80-g0ae678b http://gitorious.org/inspircd/inspircd-extras/blobs/raw/0ae678b7ca9fc03a4a2e3335b29daf11835ca186/1.2/m_xline_sql.cpp
 depends core 1.2
 description Keeps a dynamic log of all XLines created, and stores them in a database.
module m_xmlsocket init-80-g0ae678b http://gitorious.org/inspircd/inspircd-extras/blobs/raw/0ae678b7ca9fc03a4a2e3335b29daf11835ca186/1.2/m_xmlsocket.cpp
 depends core 1.2
 description Provides and processes \0 IRC line terminators, for use with Flash XMLSockets.
module m_antibear init-90-g64a5958 http://gitorious.org/inspircd/inspircd-extras/blobs/raw/64a59584851ea34bc588770472156f4f96da4ea4/2.0/m_antibear.cpp
 depends core 2.0-2.1
 description Sends a numeric on connect which cripples a common type of trojan/spambot
module m_antibottler init-87-g9c996c2 http://gitorious.org/inspircd/inspircd-extras/blobs/raw/9c996c2ee388b3422630c89c0e9b4626e68e8201/2.0/m_antibottler.cpp
 depends core 2.0-2.1
 description Changes the ident of connecting bottler clients to 'bottler'
module m_invisible init-88-gb43d899 http://gitorious.org/inspircd/inspircd-extras/blobs/raw/b43d899c9516a9c2fcfc8b10e1f0a59d0caab896/2.0/m_invisible.cpp
 depends core 2.0-2.1
 description Allows for opered clients to join channels without being seen, similar to unreal 3.1 +I mode
